<?xml version="1.0" encoding="UTF-8"?>
<!-- Generated by org.testng.reporters.JUnitReportReporter -->
<testsuite hostname="ZoyloLTP003" name="doctorsTestScripts.Schedule_ZOY899_Doctor" tests="2" failures="0" timestamp="28 Mar 2017 11:35:39 GMT" time="41.565" errors="0">
  <testcase name="f" time="21.026" classname="doctorsTestScripts.Schedule_ZOY899_Doctor"/>
  <testcase name="f" time="20.539" classname="doctorsTestScripts.Schedule_ZOY899_Doctor"/>
</testsuite> <!-- doctorsTestScripts.Schedule_ZOY899_Doctor -->
