<?xml version="1.0" encoding="UTF-8"?>
<!-- Generated by org.testng.reporters.JUnitReportReporter -->
<testsuite hostname="ZoyloLTP003" name="doctorsTestScripts.DocAppointment" tests="1" failures="0" timestamp="17 Mar 2017 06:44:29 GMT" time="51.152" errors="0">
  <testcase name="f" time="51.152" classname="doctorsTestScripts.DocAppointment"/>
</testsuite> <!-- doctorsTestScripts.DocAppointment -->
