<?xml version="1.0" encoding="UTF-8"?>
<!-- Generated by org.testng.reporters.JUnitReportReporter -->
<testsuite hostname="Bharat" name="doctorsTestScripts.Schedule_ZOY792_Home_Visit_enable_disable" tests="1" failures="0" timestamp="18 Apr 2017 00:04:58 GMT" time="20.825" errors="0">
  <testcase name="testEnableDisableHomeVisit" time="20.825" classname="doctorsTestScripts.Schedule_ZOY792_Home_Visit_enable_disable"/>
</testsuite> <!-- doctorsTestScripts.Schedule_ZOY792_Home_Visit_enable_disable -->
