<?xml version="1.0" encoding="UTF-8"?>
<!-- Generated by org.testng.reporters.JUnitReportReporter -->
<testsuite hostname="ZoyloLTP003" name="doctorsTestScripts.Appointment_JiraID_ValidateDoctorEnrollment" tests="5" failures="0" timestamp="16 Mar 2017 09:24:46 GMT" time="141.190" errors="0">
  <testcase name="ValidateDoctorEnrollment" time="24.802" classname="doctorsTestScripts.Appointment_JiraID_ValidateDoctorEnrollment"/>
  <testcase name="ValidateDoctorEnrollment" time="25.690" classname="doctorsTestScripts.Appointment_JiraID_ValidateDoctorEnrollment"/>
  <testcase name="ValidateDoctorEnrollment" time="37.604" classname="doctorsTestScripts.Appointment_JiraID_ValidateDoctorEnrollment"/>
  <testcase name="ValidateDoctorEnrollment" time="28.264" classname="doctorsTestScripts.Appointment_JiraID_ValidateDoctorEnrollment"/>
  <testcase name="ValidateDoctorEnrollment" time="24.830" classname="doctorsTestScripts.Appointment_JiraID_ValidateDoctorEnrollment"/>
</testsuite> <!-- doctorsTestScripts.Appointment_JiraID_ValidateDoctorEnrollment -->
